\BOOKMARK [0][-]{chapter*.1}{\376\377\000C\000o\000n\000t\000e\000n\000t\000s}{}% 1
\BOOKMARK [0][-]{chapter*.2}{\376\377\000L\000i\000s\000t\000\040\000o\000f\000\040\000F\000i\000g\000u\000r\000e\000s}{}% 2
\BOOKMARK [0][-]{chapter*.3}{\376\377\000L\000i\000s\000t\000\040\000o\000f\000\040\000T\000a\000b\000l\000e\000s}{}% 3
\BOOKMARK [0][-]{chapter*.4}{\376\377\000L\000i\000s\000t\000i\000n\000g\000s}{}% 4
\BOOKMARK [0][-]{chapter.1}{\376\377\000E\000x\000e\000c\000u\000t\000i\000v\000e\000\040\000S\000u\000m\000m\000a\000r\000y}{}% 5
\BOOKMARK [0][-]{chapter.2}{\376\377\000I\000n\000t\000r\000o\000d\000u\000c\000t\000i\000o\000n}{}% 6
\BOOKMARK [1][-]{section.2.1}{\376\377\000B\000a\000c\000k\000g\000r\000o\000u\000n\000d}{chapter.2}% 7
\BOOKMARK [1][-]{section.2.2}{\376\377\000O\000b\000j\000e\000c\000t\000i\000v\000e\000s}{chapter.2}% 8
\BOOKMARK [1][-]{section.2.3}{\376\377\000S\000c\000o\000p\000e}{chapter.2}% 9
\BOOKMARK [0][-]{chapter.3}{\376\377\000T\000e\000c\000h\000n\000i\000c\000a\000l\000\040\000A\000r\000c\000h\000i\000t\000e\000c\000t\000u\000r\000e}{}% 10
\BOOKMARK [1][-]{section.3.1}{\376\377\000S\000y\000s\000t\000e\000m\000\040\000O\000v\000e\000r\000v\000i\000e\000w}{chapter.3}% 11
\BOOKMARK [1][-]{section.3.2}{\376\377\000C\000o\000m\000p\000o\000n\000e\000n\000t\000\040\000A\000r\000c\000h\000i\000t\000e\000c\000t\000u\000r\000e}{chapter.3}% 12
\BOOKMARK [1][-]{section.3.3}{\376\377\000S\000t\000a\000t\000e\000\040\000M\000a\000n\000a\000g\000e\000m\000e\000n\000t\000\040\000S\000t\000r\000a\000t\000e\000g\000y}{chapter.3}% 13
\BOOKMARK [1][-]{section.3.4}{\376\377\000S\000e\000r\000v\000i\000c\000e\000\040\000I\000n\000t\000e\000g\000r\000a\000t\000i\000o\000n\000\040\000A\000r\000c\000h\000i\000t\000e\000c\000t\000u\000r\000e}{chapter.3}% 14
\BOOKMARK [0][-]{chapter.4}{\376\377\000I\000n\000s\000t\000a\000l\000l\000a\000t\000i\000o\000n\000\040\000G\000u\000i\000d\000e}{}% 15
\BOOKMARK [1][-]{section.4.1}{\376\377\000P\000r\000e\000r\000e\000q\000u\000i\000s\000i\000t\000e\000s}{chapter.4}% 16
\BOOKMARK [1][-]{section.4.2}{\376\377\000L\000o\000c\000a\000l\000\040\000D\000e\000v\000e\000l\000o\000p\000m\000e\000n\000t\000\040\000S\000e\000t\000u\000p}{chapter.4}% 17
\BOOKMARK [2][-]{subsection.4.2.1}{\376\377\000C\000l\000o\000n\000e\000\040\000a\000n\000d\000\040\000I\000n\000s\000t\000a\000l\000l\000\040\000D\000e\000p\000e\000n\000d\000e\000n\000c\000i\000e\000s}{section.4.2}% 18
\BOOKMARK [2][-]{subsection.4.2.2}{\376\377\000E\000n\000v\000i\000r\000o\000n\000m\000e\000n\000t\000\040\000C\000o\000n\000f\000i\000g\000u\000r\000a\000t\000i\000o\000n}{section.4.2}% 19
\BOOKMARK [2][-]{subsection.4.2.3}{\376\377\000R\000u\000n\000n\000i\000n\000g\000\040\000t\000h\000e\000\040\000D\000e\000v\000e\000l\000o\000p\000m\000e\000n\000t\000\040\000S\000e\000r\000v\000e\000r}{section.4.2}% 20
\BOOKMARK [1][-]{section.4.3}{\376\377\000P\000r\000o\000d\000u\000c\000t\000i\000o\000n\000\040\000D\000e\000p\000l\000o\000y\000m\000e\000n\000t}{chapter.4}% 21
\BOOKMARK [2][-]{subsection.4.3.1}{\376\377\000D\000o\000c\000k\000e\000r\000\040\000D\000e\000p\000l\000o\000y\000m\000e\000n\000t}{section.4.3}% 22
\BOOKMARK [2][-]{subsection.4.3.2}{\376\377\000D\000o\000c\000k\000e\000r\000f\000i\000l\000e\000\040\000A\000n\000a\000l\000y\000s\000i\000s}{section.4.3}% 23
\BOOKMARK [0][-]{chapter.5}{\376\377\000C\000o\000n\000f\000i\000g\000u\000r\000a\000t\000i\000o\000n\000\040\000a\000n\000d\000\040\000C\000u\000s\000t\000o\000m\000i\000z\000a\000t\000i\000o\000n}{}% 24
\BOOKMARK [1][-]{section.5.1}{\376\377\000S\000e\000r\000v\000i\000c\000e\000\040\000C\000o\000n\000f\000i\000g\000u\000r\000a\000t\000i\000o\000n}{chapter.5}% 25
\BOOKMARK [1][-]{section.5.2}{\376\377\000U\000s\000e\000r\000\040\000R\000o\000l\000e\000\040\000M\000a\000n\000a\000g\000e\000m\000e\000n\000t}{chapter.5}% 26
\BOOKMARK [1][-]{section.5.3}{\376\377\000T\000h\000e\000m\000e\000\040\000C\000u\000s\000t\000o\000m\000i\000z\000a\000t\000i\000o\000n}{chapter.5}% 27
\BOOKMARK [0][-]{chapter.6}{\376\377\000U\000s\000a\000g\000e\000\040\000E\000x\000a\000m\000p\000l\000e\000s}{}% 28
\BOOKMARK [1][-]{section.6.1}{\376\377\000D\000a\000s\000h\000b\000o\000a\000r\000d\000\040\000N\000a\000v\000i\000g\000a\000t\000i\000o\000n}{chapter.6}% 29
\BOOKMARK [1][-]{section.6.2}{\376\377\000P\000r\000o\000j\000e\000c\000t\000\040\000M\000a\000n\000a\000g\000e\000m\000e\000n\000t}{chapter.6}% 30
\BOOKMARK [1][-]{section.6.3}{\376\377\000T\000r\000a\000i\000n\000i\000n\000g\000\040\000L\000a\000u\000n\000c\000h}{chapter.6}% 31
\BOOKMARK [0][-]{chapter.7}{\376\377\000P\000e\000r\000f\000o\000r\000m\000a\000n\000c\000e\000\040\000M\000e\000t\000r\000i\000c\000s}{}% 32
\BOOKMARK [1][-]{section.7.1}{\376\377\000S\000y\000s\000t\000e\000m\000\040\000M\000o\000n\000i\000t\000o\000r\000i\000n\000g}{chapter.7}% 33
\BOOKMARK [1][-]{section.7.2}{\376\377\000P\000e\000r\000f\000o\000r\000m\000a\000n\000c\000e\000\040\000O\000p\000t\000i\000m\000i\000z\000a\000t\000i\000o\000n}{chapter.7}% 34
\BOOKMARK [1][-]{section.7.3}{\376\377\000E\000x\000p\000e\000c\000t\000e\000d\000\040\000P\000e\000r\000f\000o\000r\000m\000a\000n\000c\000e}{chapter.7}% 35
\BOOKMARK [0][-]{chapter.8}{\376\377\000B\000e\000s\000t\000\040\000P\000r\000a\000c\000t\000i\000c\000e\000s\000\040\000a\000n\000d\000\040\000T\000r\000o\000u\000b\000l\000e\000s\000h\000o\000o\000t\000i\000n\000g}{}% 36
\BOOKMARK [1][-]{section.8.1}{\376\377\000D\000e\000v\000e\000l\000o\000p\000m\000e\000n\000t\000\040\000B\000e\000s\000t\000\040\000P\000r\000a\000c\000t\000i\000c\000e\000s}{chapter.8}% 37
\BOOKMARK [2][-]{subsection.8.1.1}{\376\377\000C\000o\000d\000e\000\040\000O\000r\000g\000a\000n\000i\000z\000a\000t\000i\000o\000n}{section.8.1}% 38
\BOOKMARK [2][-]{subsection.8.1.2}{\376\377\000S\000t\000a\000t\000e\000\040\000M\000a\000n\000a\000g\000e\000m\000e\000n\000t}{section.8.1}% 39
\BOOKMARK [1][-]{section.8.2}{\376\377\000C\000o\000m\000m\000o\000n\000\040\000I\000s\000s\000u\000e\000s\000\040\000a\000n\000d\000\040\000S\000o\000l\000u\000t\000i\000o\000n\000s}{chapter.8}% 40
\BOOKMARK [2][-]{subsection.8.2.1}{\376\377\000B\000u\000i\000l\000d\000\040\000F\000a\000i\000l\000u\000r\000e\000s}{section.8.2}% 41
\BOOKMARK [2][-]{subsection.8.2.2}{\376\377\000R\000u\000n\000t\000i\000m\000e\000\040\000I\000s\000s\000u\000e\000s}{section.8.2}% 42
\BOOKMARK [2][-]{subsection.8.2.3}{\376\377\000P\000e\000r\000f\000o\000r\000m\000a\000n\000c\000e\000\040\000I\000s\000s\000u\000e\000s}{section.8.2}% 43
\BOOKMARK [1][-]{section.8.3}{\376\377\000D\000e\000b\000u\000g\000g\000i\000n\000g\000\040\000T\000e\000c\000h\000n\000i\000q\000u\000e\000s}{chapter.8}% 44
\BOOKMARK [0][-]{chapter.9}{\376\377\000C\000o\000n\000c\000l\000u\000s\000i\000o\000n\000s\000\040\000a\000n\000d\000\040\000F\000u\000t\000u\000r\000e\000\040\000W\000o\000r\000k}{}% 45
\BOOKMARK [1][-]{section.9.1}{\376\377\000P\000r\000o\000j\000e\000c\000t\000\040\000S\000u\000m\000m\000a\000r\000y}{chapter.9}% 46
\BOOKMARK [1][-]{section.9.2}{\376\377\000K\000e\000y\000\040\000A\000c\000h\000i\000e\000v\000e\000m\000e\000n\000t\000s}{chapter.9}% 47
\BOOKMARK [1][-]{section.9.3}{\376\377\000F\000u\000t\000u\000r\000e\000\040\000E\000n\000h\000a\000n\000c\000e\000m\000e\000n\000t\000s}{chapter.9}% 48
\BOOKMARK [2][-]{subsection.9.3.1}{\376\377\000S\000h\000o\000r\000t\000-\000t\000e\000r\000m\000\040\000G\000o\000a\000l\000s}{section.9.3}% 49
\BOOKMARK [2][-]{subsection.9.3.2}{\376\377\000L\000o\000n\000g\000-\000t\000e\000r\000m\000\040\000V\000i\000s\000i\000o\000n}{section.9.3}% 50
\BOOKMARK [1][-]{section.9.4}{\376\377\000T\000e\000c\000h\000n\000i\000c\000a\000l\000\040\000D\000e\000b\000t\000\040\000a\000n\000d\000\040\000I\000m\000p\000r\000o\000v\000e\000m\000e\000n\000t\000s}{chapter.9}% 51
\BOOKMARK [0][-]{chapter.10}{\376\377\000B\000i\000b\000l\000i\000o\000g\000r\000a\000p\000h\000y}{}% 52
\BOOKMARK [0][-]{chapter*.9}{\376\377\000B\000i\000b\000l\000i\000o\000g\000r\000a\000p\000h\000y}{}% 53
\BOOKMARK [0][-]{appendix.A}{\376\377\000A\000d\000v\000a\000n\000c\000e\000d\000\040\000C\000o\000n\000f\000i\000g\000u\000r\000a\000t\000i\000o\000n}{}% 54
\BOOKMARK [1][-]{section.A.1}{\376\377\000C\000u\000s\000t\000o\000m\000\040\000S\000e\000r\000v\000i\000c\000e\000\040\000I\000n\000t\000e\000g\000r\000a\000t\000i\000o\000n}{appendix.A}% 55
\BOOKMARK [1][-]{section.A.2}{\376\377\000E\000n\000v\000i\000r\000o\000n\000m\000e\000n\000t\000\040\000V\000a\000r\000i\000a\000b\000l\000e\000s\000\040\000R\000e\000f\000e\000r\000e\000n\000c\000e}{appendix.A}% 56
\BOOKMARK [1][-]{section.A.3}{\376\377\000D\000o\000c\000k\000e\000r\000\040\000C\000o\000m\000p\000o\000s\000e\000\040\000C\000o\000n\000f\000i\000g\000u\000r\000a\000t\000i\000o\000n}{appendix.A}% 57
\BOOKMARK [1][-]{section.A.4}{\376\377\000A\000P\000I\000\040\000I\000n\000t\000e\000g\000r\000a\000t\000i\000o\000n\000\040\000E\000x\000a\000m\000p\000l\000e\000s}{appendix.A}% 58
